2024-10-02 15:10:39	debug	Go-Blog/main.go:10	sa
2024-16-02 16:16:30	info	Go-Blog/main.go:12	Sakura
2024-17-02 16:17:33	panic	init/mysql.go:43	fail to op db	{"error": "dial tcp: lookup tcp/%!d(string=blog): getaddrinfow: The specified class was not found."}
2024-18-02 16:18:36	panic	init/mysql.go:44	fail to op db	{"error": "dial tcp: lookup tcp/%!d(string=blog): getaddrinfow: The specified class was not found."}
2024-20-02 16:20:48	info	Go-Blog/main.go:13	Sakura
2024-35-02 16:35:23	info	Go-Blog/main.go:14	Sakura
2024-35-02 16:35:49	info	Go-Blog/main.go:14	Sakura
2024-36-02 16:36:36	info	Go-Blog/main.go:14	Sakura
2024-37-02 16:37:03	info	Go-Blog/main.go:14	Sakura
2024-37-02 16:37:17	info	Go-Blog/main.go:14	Sakura
2024-43-02 16:43:18	info	Go-Blog/main.go:14	Sakura
2024-44-02 16:44:23	info	Go-Blog/main.go:14	Sakura
2024-45-02 16:45:03	info	Go-Blog/main.go:14	Sakura
2024-46-02 16:46:05	info	init/mysql.go:52	Mysql Init success
2024-46-02 16:46:05	info	Go-Blog/main.go:14	Sakura
2024-49-02 16:49:12	info	init/mysql.go:52	Mysql Init success
2024-51-02 16:51:55	info	init/mysql.go:52	Mysql Init success
2024-51-02 16:51:55	error	Go-Blog/main.go:17	AutoMigrate was fail	{"error": "Error 1064 (42000): You have an error in your SQL syntax; check the manual that corresponds to your MySQL server version for the right syntax to use near ')' at line 1"}
2024-53-02 16:53:38	info	init/mysql.go:52	Mysql Init success
2024-54-02 16:54:51	info	init/mysql.go:52	Mysql Init success
2024-59-02 16:59:04	info	init/mysql.go:52	Mysql Init success
2024-59-02 16:59:20	info	init/mysql.go:52	Mysql Init success
2024-59-02 16:59:26	info	init/mysql.go:52	Mysql Init success
2024-04-02 17:04:48	info	init/mysql.go:52	Mysql Init success
2024-05-02 17:05:09	info	init/mysql.go:52	Mysql Init success
2024-07-02 17:07:01	info	init/mysql.go:52	Mysql Init success
2024-07-02 17:07:55	info	init/mysql.go:52	Mysql Init success
2024-19-02 17:19:50	info	init/mysql.go:52	Mysql Init success
2024-20-02 17:20:17	info	init/mysql.go:52	Mysql Init success
2024-28-03 13:28:29	info	init/mysql.go:53	Mysql Init success
2024-30-03 13:30:11	info	init/mysql.go:53	Mysql Init success
2024-30-03 13:30:11	info	init/mysql.go:65	AutoMigrate success
2024-33-03 13:33:13	info	init/mysql.go:53	Mysql Init success
2024-33-03 13:33:13	info	init/mysql.go:65	AutoMigrate success
2024-35-03 13:35:13	info	init/mysql.go:53	Mysql Init success
2024-35-03 13:35:13	info	init/mysql.go:65	AutoMigrate success
2024-39-03 13:39:14	info	init/mysql.go:53	Mysql Init success
2024-39-03 13:39:14	info	init/mysql.go:62	Table migrate success	{"table": {"Id":0,"Name":"","Password":""}}
2024-39-03 13:39:14	info	init/mysql.go:68	Table migrate success	{"table": {"Id":0,"UserId":0,"Title":"","Article":"","UpdateTime":"0001-01-01T00:00:00Z"}}
2024-39-03 13:39:14	info	init/mysql.go:70	AutoMigrate success
2024-40-03 13:40:31	info	init/mysql.go:53	Mysql Init success
2024-40-03 13:40:31	info	init/mysql.go:62	Table migrate success	{"table": {"ID":0,"CreatedAt":"0001-01-01T00:00:00Z","UpdatedAt":"0001-01-01T00:00:00Z","DeletedAt":null,"Id":0,"Name":"","Password":""}}
2024-40-03 13:40:31	info	init/mysql.go:68	Table migrate success	{"table": {"ID":0,"CreatedAt":"0001-01-01T00:00:00Z","UpdatedAt":"0001-01-01T00:00:00Z","DeletedAt":null,"Id":0,"UserId":0,"Title":"","Article":"","UpdateTime":"0001-01-01T00:00:00Z"}}
2024-40-03 13:40:31	info	init/mysql.go:70	AutoMigrate success
