
2024/01/02 16:51:55 F:/Go-Project/Go-Blog/main.go:15
[0.000ms] [rows:-] SELECT DATABASE()

2024/01/02 16:51:55 F:/Go-Project/Go-Blog/main.go:15
[1.447ms] [rows:1] SELECT SCHEMA_NAME from Information_schema.SCHEMATA where SCHEMA_NAME LIKE 'blog%' ORDER BY SCHEMA_NAME='blog' DESC,SCHEMA_NAME limit 1

2024/01/02 16:51:55 F:/Go-Project/Go-Blog/main.go:15
[4.962ms] [rows:-] SELECT count(*) FROM information_schema.tables WHERE table_schema = 'blog' AND table_name = 'users' AND table_type = 'BASE TABLE'

2024/01/02 16:51:55 F:/Go-Project/Go-Blog/main.go:15 Error 1064 (42000): You have an error in your SQL syntax; check the manual that corresponds to your MySQL server version for the right syntax to use near ')' at line 1
[0.000ms] [rows:0] CREATE TABLE `users` ()

2024/01/02 16:53:38 F:/Go-Project/Go-Blog/main.go:16
[0.000ms] [rows:-] SELECT DATABASE()

2024/01/02 16:53:38 F:/Go-Project/Go-Blog/main.go:16
[1.398ms] [rows:1] SELECT SCHEMA_NAME from Information_schema.SCHEMATA where SCHEMA_NAME LIKE 'blog%' ORDER BY SCHEMA_NAME='blog' DESC,SCHEMA_NAME limit 1

2024/01/02 16:53:38 F:/Go-Project/Go-Blog/main.go:16
[0.993ms] [rows:-] SELECT count(*) FROM information_schema.tables WHERE table_schema = 'blog' AND table_name = 'users' AND table_type = 'BASE TABLE'

2024/01/02 16:53:38 F:/Go-Project/Go-Blog/main.go:16
[10.820ms] [rows:0] CREATE TABLE `users` (`id` bigint unsigned AUTO_INCREMENT,`created_at` datetime(3) NULL,`updated_at` datetime(3) NULL,`deleted_at` datetime(3) NULL,PRIMARY KEY (`id`),INDEX `idx_users_deleted_at` (`deleted_at`))

2024/01/02 16:54:51 F:/Go-Project/Go-Blog/main.go:16
[0.472ms] [rows:-] SELECT DATABASE()

2024/01/02 16:54:51 F:/Go-Project/Go-Blog/main.go:16
[0.496ms] [rows:1] SELECT SCHEMA_NAME from Information_schema.SCHEMATA where SCHEMA_NAME LIKE 'blog%' ORDER BY SCHEMA_NAME='blog' DESC,SCHEMA_NAME limit 1

2024/01/02 16:54:51 F:/Go-Project/Go-Blog/main.go:16
[1.053ms] [rows:-] SELECT count(*) FROM information_schema.tables WHERE table_schema = 'blog' AND table_name = 'users' AND table_type = 'BASE TABLE'

2024/01/02 16:54:51 F:/Go-Project/Go-Blog/main.go:16
[9.384ms] [rows:0] CREATE TABLE `users` (`id` bigint unsigned AUTO_INCREMENT,`created_at` datetime(3) NULL,`updated_at` datetime(3) NULL,`deleted_at` datetime(3) NULL,PRIMARY KEY (`id`),INDEX `idx_users_deleted_at` (`deleted_at`))

2024/01/02 16:59:04 F:/Go-Project/Go-Blog/main.go:16
[0.481ms] [rows:-] SELECT DATABASE()

2024/01/02 16:59:04 F:/Go-Project/Go-Blog/main.go:16
[0.992ms] [rows:1] SELECT SCHEMA_NAME from Information_schema.SCHEMATA where SCHEMA_NAME LIKE 'blog%' ORDER BY SCHEMA_NAME='blog' DESC,SCHEMA_NAME limit 1

2024/01/02 16:59:04 F:/Go-Project/Go-Blog/main.go:16
[0.993ms] [rows:-] SELECT count(*) FROM information_schema.tables WHERE table_schema = 'blog' AND table_name = 'users' AND table_type = 'BASE TABLE'

2024/01/02 16:59:04 F:/Go-Project/Go-Blog/main.go:16
[0.000ms] [rows:-] SELECT DATABASE()

2024/01/02 16:59:04 F:/Go-Project/Go-Blog/main.go:16
[0.495ms] [rows:1] SELECT SCHEMA_NAME from Information_schema.SCHEMATA where SCHEMA_NAME LIKE 'blog%' ORDER BY SCHEMA_NAME='blog' DESC,SCHEMA_NAME limit 1

2024/01/02 16:59:04 F:/Go-Project/Go-Blog/main.go:16
[0.000ms] [rows:-] SELECT * FROM `users` LIMIT 1

2024/01/02 16:59:04 F:/Go-Project/Go-Blog/main.go:16
[0.496ms] [rows:-] SELECT column_name, column_default, is_nullable = 'YES', data_type, character_maximum_length, column_type, column_key, extra, column_comment, numeric_precision, numeric_scale , datetime_precision FROM information_schema.columns WHERE table_schema = 'blog' AND table_name = 'users' ORDER BY ORDINAL_POSITION

2024/01/02 16:59:04 F:/Go-Project/Go-Blog/main.go:16
[0.000ms] [rows:-] SELECT DATABASE()

2024/01/02 16:59:04 F:/Go-Project/Go-Blog/main.go:16
[0.000ms] [rows:1] SELECT SCHEMA_NAME from Information_schema.SCHEMATA where SCHEMA_NAME LIKE 'blog%' ORDER BY SCHEMA_NAME='blog' DESC,SCHEMA_NAME limit 1

2024/01/02 16:59:04 F:/Go-Project/Go-Blog/main.go:16
[0.992ms] [rows:-] SELECT count(*) FROM information_schema.statistics WHERE table_schema = 'blog' AND table_name = 'users' AND index_name = 'idx_users_deleted_at'

2024/01/02 16:59:20 F:/Go-Project/Go-Blog/main.go:16
[0.000ms] [rows:-] SELECT DATABASE()

2024/01/02 16:59:20 F:/Go-Project/Go-Blog/main.go:16
[1.013ms] [rows:1] SELECT SCHEMA_NAME from Information_schema.SCHEMATA where SCHEMA_NAME LIKE 'blog%' ORDER BY SCHEMA_NAME='blog' DESC,SCHEMA_NAME limit 1

2024/01/02 16:59:20 F:/Go-Project/Go-Blog/main.go:16
[1.005ms] [rows:-] SELECT count(*) FROM information_schema.tables WHERE table_schema = 'blog' AND table_name = 'users' AND table_type = 'BASE TABLE'

2024/01/02 16:59:20 F:/Go-Project/Go-Blog/main.go:16
[9.065ms] [rows:0] CREATE TABLE `users` (`id` bigint unsigned AUTO_INCREMENT,`created_at` datetime(3) NULL,`updated_at` datetime(3) NULL,`deleted_at` datetime(3) NULL,PRIMARY KEY (`id`),INDEX `idx_users_deleted_at` (`deleted_at`))

2024/01/02 16:59:26 F:/Go-Project/Go-Blog/main.go:16
[0.496ms] [rows:-] SELECT DATABASE()

2024/01/02 16:59:26 F:/Go-Project/Go-Blog/main.go:16
[0.850ms] [rows:1] SELECT SCHEMA_NAME from Information_schema.SCHEMATA where SCHEMA_NAME LIKE 'blog%' ORDER BY SCHEMA_NAME='blog' DESC,SCHEMA_NAME limit 1

2024/01/02 16:59:26 F:/Go-Project/Go-Blog/main.go:16
[0.969ms] [rows:-] SELECT count(*) FROM information_schema.tables WHERE table_schema = 'blog' AND table_name = 'users' AND table_type = 'BASE TABLE'

2024/01/02 16:59:26 F:/Go-Project/Go-Blog/main.go:16
[0.000ms] [rows:-] SELECT DATABASE()

2024/01/02 16:59:26 F:/Go-Project/Go-Blog/main.go:16
[0.499ms] [rows:1] SELECT SCHEMA_NAME from Information_schema.SCHEMATA where SCHEMA_NAME LIKE 'blog%' ORDER BY SCHEMA_NAME='blog' DESC,SCHEMA_NAME limit 1

2024/01/02 16:59:26 F:/Go-Project/Go-Blog/main.go:16
[1.490ms] [rows:-] SELECT * FROM `users` LIMIT 1

2024/01/02 16:59:26 F:/Go-Project/Go-Blog/main.go:16
[0.650ms] [rows:-] SELECT column_name, column_default, is_nullable = 'YES', data_type, character_maximum_length, column_type, column_key, extra, column_comment, numeric_precision, numeric_scale , datetime_precision FROM information_schema.columns WHERE table_schema = 'blog' AND table_name = 'users' ORDER BY ORDINAL_POSITION

2024/01/02 16:59:26 F:/Go-Project/Go-Blog/main.go:16
[0.000ms] [rows:-] SELECT DATABASE()

2024/01/02 16:59:26 F:/Go-Project/Go-Blog/main.go:16
[0.166ms] [rows:1] SELECT SCHEMA_NAME from Information_schema.SCHEMATA where SCHEMA_NAME LIKE 'blog%' ORDER BY SCHEMA_NAME='blog' DESC,SCHEMA_NAME limit 1

2024/01/02 16:59:26 F:/Go-Project/Go-Blog/main.go:16
[0.353ms] [rows:-] SELECT count(*) FROM information_schema.statistics WHERE table_schema = 'blog' AND table_name = 'users' AND index_name = 'idx_users_deleted_at'

2024/01/02 17:07:55 F:/Go-Project/Go-Blog/main.go:16
[0.548ms] [rows:-] SELECT DATABASE()

2024/01/02 17:07:55 F:/Go-Project/Go-Blog/main.go:16
[0.497ms] [rows:1] SELECT SCHEMA_NAME from Information_schema.SCHEMATA where SCHEMA_NAME LIKE 'blog%' ORDER BY SCHEMA_NAME='blog' DESC,SCHEMA_NAME limit 1

2024/01/02 17:07:55 F:/Go-Project/Go-Blog/main.go:16
[0.704ms] [rows:-] SELECT count(*) FROM information_schema.tables WHERE table_schema = 'blog' AND table_name = 'users' AND table_type = 'BASE TABLE'

2024/01/02 17:07:55 F:/Go-Project/Go-Blog/main.go:16
[10.899ms] [rows:0] CREATE TABLE `users` (`id` bigint unsigned AUTO_INCREMENT,`created_at` datetime(3) NULL,`updated_at` datetime(3) NULL,`deleted_at` datetime(3) NULL,`name` longtext,`age` bigint,PRIMARY KEY (`id`),INDEX `idx_users_deleted_at` (`deleted_at`))

2024/01/02 17:19:50 F:/Go-Project/Go-Blog/main.go:16
[0.000ms] [rows:-] SELECT DATABASE()

2024/01/02 17:19:50 F:/Go-Project/Go-Blog/main.go:16
[0.801ms] [rows:1] SELECT SCHEMA_NAME from Information_schema.SCHEMATA where SCHEMA_NAME LIKE 'blog%' ORDER BY SCHEMA_NAME='blog' DESC,SCHEMA_NAME limit 1

2024/01/02 17:19:50 F:/Go-Project/Go-Blog/main.go:16
[0.711ms] [rows:-] SELECT count(*) FROM information_schema.tables WHERE table_schema = 'blog' AND table_name = 'users' AND table_type = 'BASE TABLE'

2024/01/02 17:19:50 F:/Go-Project/Go-Blog/main.go:16
[0.000ms] [rows:-] SELECT DATABASE()

2024/01/02 17:19:50 F:/Go-Project/Go-Blog/main.go:16
[0.000ms] [rows:1] SELECT SCHEMA_NAME from Information_schema.SCHEMATA where SCHEMA_NAME LIKE 'blog%' ORDER BY SCHEMA_NAME='blog' DESC,SCHEMA_NAME limit 1

2024/01/02 17:19:50 F:/Go-Project/Go-Blog/main.go:16
[0.000ms] [rows:-] SELECT * FROM `users` LIMIT 1

2024/01/02 17:19:50 F:/Go-Project/Go-Blog/main.go:16
[0.992ms] [rows:-] SELECT column_name, column_default, is_nullable = 'YES', data_type, character_maximum_length, column_type, column_key, extra, column_comment, numeric_precision, numeric_scale , datetime_precision FROM information_schema.columns WHERE table_schema = 'blog' AND table_name = 'users' ORDER BY ORDINAL_POSITION

2024/01/02 17:19:50 F:/Go-Project/Go-Blog/main.go:16
[0.000ms] [rows:-] SELECT DATABASE()

2024/01/02 17:19:50 F:/Go-Project/Go-Blog/main.go:16
[0.379ms] [rows:1] SELECT SCHEMA_NAME from Information_schema.SCHEMATA where SCHEMA_NAME LIKE 'blog%' ORDER BY SCHEMA_NAME='blog' DESC,SCHEMA_NAME limit 1

2024/01/02 17:19:50 F:/Go-Project/Go-Blog/main.go:16
[0.496ms] [rows:-] SELECT count(*) FROM information_schema.statistics WHERE table_schema = 'blog' AND table_name = 'users' AND index_name = 'idx_users_deleted_at'

2024/01/02 17:20:17 F:/Go-Project/Go-Blog/main.go:16
[0.000ms] [rows:-] SELECT DATABASE()

2024/01/02 17:20:17 F:/Go-Project/Go-Blog/main.go:16
[0.858ms] [rows:1] SELECT SCHEMA_NAME from Information_schema.SCHEMATA where SCHEMA_NAME LIKE 'blog%' ORDER BY SCHEMA_NAME='blog' DESC,SCHEMA_NAME limit 1

2024/01/02 17:20:17 F:/Go-Project/Go-Blog/main.go:16
[0.680ms] [rows:-] SELECT count(*) FROM information_schema.tables WHERE table_schema = 'blog' AND table_name = 'users' AND table_type = 'BASE TABLE'

2024/01/02 17:20:17 F:/Go-Project/Go-Blog/main.go:16
[0.462ms] [rows:-] SELECT DATABASE()

2024/01/02 17:20:17 F:/Go-Project/Go-Blog/main.go:16
[0.621ms] [rows:1] SELECT SCHEMA_NAME from Information_schema.SCHEMATA where SCHEMA_NAME LIKE 'blog%' ORDER BY SCHEMA_NAME='blog' DESC,SCHEMA_NAME limit 1

2024/01/02 17:20:17 F:/Go-Project/Go-Blog/main.go:16
[0.000ms] [rows:-] SELECT * FROM `users` LIMIT 1

2024/01/02 17:20:17 F:/Go-Project/Go-Blog/main.go:16
[0.956ms] [rows:-] SELECT column_name, column_default, is_nullable = 'YES', data_type, character_maximum_length, column_type, column_key, extra, column_comment, numeric_precision, numeric_scale , datetime_precision FROM information_schema.columns WHERE table_schema = 'blog' AND table_name = 'users' ORDER BY ORDINAL_POSITION

2024/01/02 17:20:17 F:/Go-Project/Go-Blog/main.go:16
[5.289ms] [rows:0] ALTER TABLE `users` ADD `password` longtext

2024/01/02 17:20:17 F:/Go-Project/Go-Blog/main.go:16
[0.000ms] [rows:-] SELECT DATABASE()

2024/01/02 17:20:17 F:/Go-Project/Go-Blog/main.go:16
[0.000ms] [rows:1] SELECT SCHEMA_NAME from Information_schema.SCHEMATA where SCHEMA_NAME LIKE 'blog%' ORDER BY SCHEMA_NAME='blog' DESC,SCHEMA_NAME limit 1

2024/01/02 17:20:17 F:/Go-Project/Go-Blog/main.go:16
[0.496ms] [rows:-] SELECT count(*) FROM information_schema.statistics WHERE table_schema = 'blog' AND table_name = 'users' AND index_name = 'idx_users_deleted_at'

2024/01/03 13:28:29 F:/Go-Project/Go-Blog/init/mysql.go:58
[0.512ms] [rows:-] SELECT DATABASE()

2024/01/03 13:28:29 F:/Go-Project/Go-Blog/init/mysql.go:58
[2.206ms] [rows:1] SELECT SCHEMA_NAME from Information_schema.SCHEMATA where SCHEMA_NAME LIKE 'blog%' ORDER BY SCHEMA_NAME='blog' DESC,SCHEMA_NAME limit 1

2024/01/03 13:28:29 F:/Go-Project/Go-Blog/init/mysql.go:58
[1.752ms] [rows:-] SELECT count(*) FROM information_schema.tables WHERE table_schema = 'blog' AND table_name = 'blogs' AND table_type = 'BASE TABLE'

2024/01/03 13:28:30 F:/Go-Project/Go-Blog/init/mysql.go:58
[8.578ms] [rows:0] CREATE TABLE `blogs` (`id` bigint AUTO_INCREMENT,`user_id` bigint,`title` longtext,`article` longtext,`update_time` datetime(3) NULL,PRIMARY KEY (`id`))

2024/01/03 13:28:30 F:/Go-Project/Go-Blog/init/mysql.go:61
[0.000ms] [rows:-] SELECT DATABASE()

2024/01/03 13:28:30 F:/Go-Project/Go-Blog/init/mysql.go:61
[0.389ms] [rows:1] SELECT SCHEMA_NAME from Information_schema.SCHEMATA where SCHEMA_NAME LIKE 'blog%' ORDER BY SCHEMA_NAME='blog' DESC,SCHEMA_NAME limit 1

2024/01/03 13:28:30 F:/Go-Project/Go-Blog/init/mysql.go:61
[0.549ms] [rows:-] SELECT count(*) FROM information_schema.tables WHERE table_schema = 'blog' AND table_name = 'users' AND table_type = 'BASE TABLE'

2024/01/03 13:28:30 F:/Go-Project/Go-Blog/init/mysql.go:61
[6.545ms] [rows:0] CREATE TABLE `users` (`id` bigint AUTO_INCREMENT,`name` longtext,`password` longtext,PRIMARY KEY (`id`))

2024/01/03 13:30:11 F:/Go-Project/Go-Blog/init/mysql.go:58
[0.495ms] [rows:-] SELECT DATABASE()

2024/01/03 13:30:11 F:/Go-Project/Go-Blog/init/mysql.go:58
[1.307ms] [rows:1] SELECT SCHEMA_NAME from Information_schema.SCHEMATA where SCHEMA_NAME LIKE 'blog%' ORDER BY SCHEMA_NAME='blog' DESC,SCHEMA_NAME limit 1

2024/01/03 13:30:11 F:/Go-Project/Go-Blog/init/mysql.go:58
[0.630ms] [rows:-] SELECT count(*) FROM information_schema.tables WHERE table_schema = 'blog' AND table_name = 'blogs' AND table_type = 'BASE TABLE'

2024/01/03 13:30:11 F:/Go-Project/Go-Blog/init/mysql.go:58
[0.000ms] [rows:-] SELECT DATABASE()

2024/01/03 13:30:11 F:/Go-Project/Go-Blog/init/mysql.go:58
[0.503ms] [rows:1] SELECT SCHEMA_NAME from Information_schema.SCHEMATA where SCHEMA_NAME LIKE 'blog%' ORDER BY SCHEMA_NAME='blog' DESC,SCHEMA_NAME limit 1

2024/01/03 13:30:11 F:/Go-Project/Go-Blog/init/mysql.go:58
[2.980ms] [rows:-] SELECT * FROM `blogs` LIMIT 1

2024/01/03 13:30:11 F:/Go-Project/Go-Blog/init/mysql.go:58
[0.367ms] [rows:-] SELECT column_name, column_default, is_nullable = 'YES', data_type, character_maximum_length, column_type, column_key, extra, column_comment, numeric_precision, numeric_scale , datetime_precision FROM information_schema.columns WHERE table_schema = 'blog' AND table_name = 'blogs' ORDER BY ORDINAL_POSITION

2024/01/03 13:30:11 F:/Go-Project/Go-Blog/init/mysql.go:62
[0.000ms] [rows:-] SELECT DATABASE()

2024/01/03 13:30:11 F:/Go-Project/Go-Blog/init/mysql.go:62
[0.596ms] [rows:1] SELECT SCHEMA_NAME from Information_schema.SCHEMATA where SCHEMA_NAME LIKE 'blog%' ORDER BY SCHEMA_NAME='blog' DESC,SCHEMA_NAME limit 1

2024/01/03 13:30:11 F:/Go-Project/Go-Blog/init/mysql.go:62
[0.499ms] [rows:-] SELECT count(*) FROM information_schema.tables WHERE table_schema = 'blog' AND table_name = 'users' AND table_type = 'BASE TABLE'

2024/01/03 13:30:11 F:/Go-Project/Go-Blog/init/mysql.go:62
[0.000ms] [rows:-] SELECT DATABASE()

2024/01/03 13:30:11 F:/Go-Project/Go-Blog/init/mysql.go:62
[0.465ms] [rows:1] SELECT SCHEMA_NAME from Information_schema.SCHEMATA where SCHEMA_NAME LIKE 'blog%' ORDER BY SCHEMA_NAME='blog' DESC,SCHEMA_NAME limit 1

2024/01/03 13:30:11 F:/Go-Project/Go-Blog/init/mysql.go:62
[0.496ms] [rows:-] SELECT * FROM `users` LIMIT 1

2024/01/03 13:30:11 F:/Go-Project/Go-Blog/init/mysql.go:62
[0.765ms] [rows:-] SELECT column_name, column_default, is_nullable = 'YES', data_type, character_maximum_length, column_type, column_key, extra, column_comment, numeric_precision, numeric_scale , datetime_precision FROM information_schema.columns WHERE table_schema = 'blog' AND table_name = 'users' ORDER BY ORDINAL_POSITION

2024/01/03 13:33:13 F:/Go-Project/Go-Blog/init/mysql.go:58
[0.000ms] [rows:-] SELECT DATABASE()

2024/01/03 13:33:13 F:/Go-Project/Go-Blog/init/mysql.go:58
[0.716ms] [rows:1] SELECT SCHEMA_NAME from Information_schema.SCHEMATA where SCHEMA_NAME LIKE 'blog%' ORDER BY SCHEMA_NAME='blog' DESC,SCHEMA_NAME limit 1

2024/01/03 13:33:13 F:/Go-Project/Go-Blog/init/mysql.go:58
[0.936ms] [rows:-] SELECT count(*) FROM information_schema.tables WHERE table_schema = 'blog' AND table_name = 'blogs' AND table_type = 'BASE TABLE'

2024/01/03 13:33:13 F:/Go-Project/Go-Blog/init/mysql.go:58
[0.444ms] [rows:-] SELECT DATABASE()

2024/01/03 13:33:13 F:/Go-Project/Go-Blog/init/mysql.go:58
[0.496ms] [rows:1] SELECT SCHEMA_NAME from Information_schema.SCHEMATA where SCHEMA_NAME LIKE 'blog%' ORDER BY SCHEMA_NAME='blog' DESC,SCHEMA_NAME limit 1

2024/01/03 13:33:13 F:/Go-Project/Go-Blog/init/mysql.go:58
[0.000ms] [rows:-] SELECT * FROM `blogs` LIMIT 1

2024/01/03 13:33:13 F:/Go-Project/Go-Blog/init/mysql.go:58
[0.496ms] [rows:-] SELECT column_name, column_default, is_nullable = 'YES', data_type, character_maximum_length, column_type, column_key, extra, column_comment, numeric_precision, numeric_scale , datetime_precision FROM information_schema.columns WHERE table_schema = 'blog' AND table_name = 'blogs' ORDER BY ORDINAL_POSITION

2024/01/03 13:33:13 F:/Go-Project/Go-Blog/init/mysql.go:62
[0.000ms] [rows:-] SELECT DATABASE()

2024/01/03 13:33:13 F:/Go-Project/Go-Blog/init/mysql.go:62
[1.239ms] [rows:1] SELECT SCHEMA_NAME from Information_schema.SCHEMATA where SCHEMA_NAME LIKE 'blog%' ORDER BY SCHEMA_NAME='blog' DESC,SCHEMA_NAME limit 1

2024/01/03 13:33:13 F:/Go-Project/Go-Blog/init/mysql.go:62
[0.410ms] [rows:-] SELECT count(*) FROM information_schema.tables WHERE table_schema = 'blog' AND table_name = 'users' AND table_type = 'BASE TABLE'

2024/01/03 13:33:13 F:/Go-Project/Go-Blog/init/mysql.go:62
[0.302ms] [rows:-] SELECT DATABASE()

2024/01/03 13:33:13 F:/Go-Project/Go-Blog/init/mysql.go:62
[0.407ms] [rows:1] SELECT SCHEMA_NAME from Information_schema.SCHEMATA where SCHEMA_NAME LIKE 'blog%' ORDER BY SCHEMA_NAME='blog' DESC,SCHEMA_NAME limit 1

2024/01/03 13:33:13 F:/Go-Project/Go-Blog/init/mysql.go:62
[0.000ms] [rows:-] SELECT * FROM `users` LIMIT 1

2024/01/03 13:33:13 F:/Go-Project/Go-Blog/init/mysql.go:62
[0.658ms] [rows:-] SELECT column_name, column_default, is_nullable = 'YES', data_type, character_maximum_length, column_type, column_key, extra, column_comment, numeric_precision, numeric_scale , datetime_precision FROM information_schema.columns WHERE table_schema = 'blog' AND table_name = 'users' ORDER BY ORDINAL_POSITION

2024/01/03 13:35:13 F:/Go-Project/Go-Blog/init/mysql.go:58
[0.497ms] [rows:-] SELECT DATABASE()

2024/01/03 13:35:13 F:/Go-Project/Go-Blog/init/mysql.go:58
[1.266ms] [rows:1] SELECT SCHEMA_NAME from Information_schema.SCHEMATA where SCHEMA_NAME LIKE 'blog%' ORDER BY SCHEMA_NAME='blog' DESC,SCHEMA_NAME limit 1

2024/01/03 13:35:13 F:/Go-Project/Go-Blog/init/mysql.go:58
[0.813ms] [rows:-] SELECT count(*) FROM information_schema.tables WHERE table_schema = 'blog' AND table_name = 'blogs' AND table_type = 'BASE TABLE'

2024/01/03 13:35:13 F:/Go-Project/Go-Blog/init/mysql.go:58
[0.000ms] [rows:-] SELECT DATABASE()

2024/01/03 13:35:13 F:/Go-Project/Go-Blog/init/mysql.go:58
[0.408ms] [rows:1] SELECT SCHEMA_NAME from Information_schema.SCHEMATA where SCHEMA_NAME LIKE 'blog%' ORDER BY SCHEMA_NAME='blog' DESC,SCHEMA_NAME limit 1

2024/01/03 13:35:13 F:/Go-Project/Go-Blog/init/mysql.go:58
[0.000ms] [rows:-] SELECT * FROM `blogs` LIMIT 1

2024/01/03 13:35:13 F:/Go-Project/Go-Blog/init/mysql.go:58
[0.680ms] [rows:-] SELECT column_name, column_default, is_nullable = 'YES', data_type, character_maximum_length, column_type, column_key, extra, column_comment, numeric_precision, numeric_scale , datetime_precision FROM information_schema.columns WHERE table_schema = 'blog' AND table_name = 'blogs' ORDER BY ORDINAL_POSITION

2024/01/03 13:35:13 F:/Go-Project/Go-Blog/init/mysql.go:62
[0.000ms] [rows:-] SELECT DATABASE()

2024/01/03 13:35:13 F:/Go-Project/Go-Blog/init/mysql.go:62
[0.496ms] [rows:1] SELECT SCHEMA_NAME from Information_schema.SCHEMATA where SCHEMA_NAME LIKE 'blog%' ORDER BY SCHEMA_NAME='blog' DESC,SCHEMA_NAME limit 1

2024/01/03 13:35:13 F:/Go-Project/Go-Blog/init/mysql.go:62
[0.366ms] [rows:-] SELECT count(*) FROM information_schema.tables WHERE table_schema = 'blog' AND table_name = 'users' AND table_type = 'BASE TABLE'

2024/01/03 13:35:13 F:/Go-Project/Go-Blog/init/mysql.go:62
[0.000ms] [rows:-] SELECT DATABASE()

2024/01/03 13:35:13 F:/Go-Project/Go-Blog/init/mysql.go:62
[0.487ms] [rows:1] SELECT SCHEMA_NAME from Information_schema.SCHEMATA where SCHEMA_NAME LIKE 'blog%' ORDER BY SCHEMA_NAME='blog' DESC,SCHEMA_NAME limit 1

2024/01/03 13:35:13 F:/Go-Project/Go-Blog/init/mysql.go:62
[0.287ms] [rows:-] SELECT * FROM `users` LIMIT 1

2024/01/03 13:35:13 F:/Go-Project/Go-Blog/init/mysql.go:62
[0.529ms] [rows:-] SELECT column_name, column_default, is_nullable = 'YES', data_type, character_maximum_length, column_type, column_key, extra, column_comment, numeric_precision, numeric_scale , datetime_precision FROM information_schema.columns WHERE table_schema = 'blog' AND table_name = 'users' ORDER BY ORDINAL_POSITION

2024/01/03 13:39:14 F:/Go-Project/Go-Blog/init/mysql.go:59
[0.509ms] [rows:-] SELECT DATABASE()

2024/01/03 13:39:14 F:/Go-Project/Go-Blog/init/mysql.go:59
[0.844ms] [rows:1] SELECT SCHEMA_NAME from Information_schema.SCHEMATA where SCHEMA_NAME LIKE 'blog%' ORDER BY SCHEMA_NAME='blog' DESC,SCHEMA_NAME limit 1

2024/01/03 13:39:14 F:/Go-Project/Go-Blog/init/mysql.go:59
[0.496ms] [rows:-] SELECT count(*) FROM information_schema.tables WHERE table_schema = 'blog' AND table_name = 'users' AND table_type = 'BASE TABLE'

2024/01/03 13:39:14 F:/Go-Project/Go-Blog/init/mysql.go:59
[0.497ms] [rows:-] SELECT DATABASE()

2024/01/03 13:39:14 F:/Go-Project/Go-Blog/init/mysql.go:59
[0.494ms] [rows:1] SELECT SCHEMA_NAME from Information_schema.SCHEMATA where SCHEMA_NAME LIKE 'blog%' ORDER BY SCHEMA_NAME='blog' DESC,SCHEMA_NAME limit 1

2024/01/03 13:39:14 F:/Go-Project/Go-Blog/init/mysql.go:59
[0.000ms] [rows:-] SELECT * FROM `users` LIMIT 1

2024/01/03 13:39:14 F:/Go-Project/Go-Blog/init/mysql.go:59
[0.496ms] [rows:-] SELECT column_name, column_default, is_nullable = 'YES', data_type, character_maximum_length, column_type, column_key, extra, column_comment, numeric_precision, numeric_scale , datetime_precision FROM information_schema.columns WHERE table_schema = 'blog' AND table_name = 'users' ORDER BY ORDINAL_POSITION

2024/01/03 13:39:14 F:/Go-Project/Go-Blog/init/mysql.go:65
[0.000ms] [rows:-] SELECT DATABASE()

2024/01/03 13:39:14 F:/Go-Project/Go-Blog/init/mysql.go:65
[0.496ms] [rows:1] SELECT SCHEMA_NAME from Information_schema.SCHEMATA where SCHEMA_NAME LIKE 'blog%' ORDER BY SCHEMA_NAME='blog' DESC,SCHEMA_NAME limit 1

2024/01/03 13:39:14 F:/Go-Project/Go-Blog/init/mysql.go:65
[0.992ms] [rows:-] SELECT count(*) FROM information_schema.tables WHERE table_schema = 'blog' AND table_name = 'blogs' AND table_type = 'BASE TABLE'

2024/01/03 13:39:14 F:/Go-Project/Go-Blog/init/mysql.go:65
[0.000ms] [rows:-] SELECT DATABASE()

2024/01/03 13:39:14 F:/Go-Project/Go-Blog/init/mysql.go:65
[0.497ms] [rows:1] SELECT SCHEMA_NAME from Information_schema.SCHEMATA where SCHEMA_NAME LIKE 'blog%' ORDER BY SCHEMA_NAME='blog' DESC,SCHEMA_NAME limit 1

2024/01/03 13:39:14 F:/Go-Project/Go-Blog/init/mysql.go:65
[0.000ms] [rows:-] SELECT * FROM `blogs` LIMIT 1

2024/01/03 13:39:14 F:/Go-Project/Go-Blog/init/mysql.go:65
[0.496ms] [rows:-] SELECT column_name, column_default, is_nullable = 'YES', data_type, character_maximum_length, column_type, column_key, extra, column_comment, numeric_precision, numeric_scale , datetime_precision FROM information_schema.columns WHERE table_schema = 'blog' AND table_name = 'blogs' ORDER BY ORDINAL_POSITION

2024/01/03 13:40:31 F:/Go-Project/Go-Blog/init/mysql.go:59
[0.000ms] [rows:-] SELECT DATABASE()

2024/01/03 13:40:31 F:/Go-Project/Go-Blog/init/mysql.go:59
[1.160ms] [rows:1] SELECT SCHEMA_NAME from Information_schema.SCHEMATA where SCHEMA_NAME LIKE 'blog%' ORDER BY SCHEMA_NAME='blog' DESC,SCHEMA_NAME limit 1

2024/01/03 13:40:31 F:/Go-Project/Go-Blog/init/mysql.go:59
[0.639ms] [rows:-] SELECT count(*) FROM information_schema.tables WHERE table_schema = 'blog' AND table_name = 'users' AND table_type = 'BASE TABLE'

2024/01/03 13:40:31 F:/Go-Project/Go-Blog/init/mysql.go:59
[0.476ms] [rows:-] SELECT DATABASE()

2024/01/03 13:40:31 F:/Go-Project/Go-Blog/init/mysql.go:59
[0.581ms] [rows:1] SELECT SCHEMA_NAME from Information_schema.SCHEMATA where SCHEMA_NAME LIKE 'blog%' ORDER BY SCHEMA_NAME='blog' DESC,SCHEMA_NAME limit 1

2024/01/03 13:40:31 F:/Go-Project/Go-Blog/init/mysql.go:59
[0.000ms] [rows:-] SELECT * FROM `users` LIMIT 1

2024/01/03 13:40:31 F:/Go-Project/Go-Blog/init/mysql.go:59
[0.710ms] [rows:-] SELECT column_name, column_default, is_nullable = 'YES', data_type, character_maximum_length, column_type, column_key, extra, column_comment, numeric_precision, numeric_scale , datetime_precision FROM information_schema.columns WHERE table_schema = 'blog' AND table_name = 'users' ORDER BY ORDINAL_POSITION

2024/01/03 13:40:31 F:/Go-Project/Go-Blog/init/mysql.go:59
[5.963ms] [rows:0] ALTER TABLE `users` ADD `created_at` datetime(3) NULL

2024/01/03 13:40:31 F:/Go-Project/Go-Blog/init/mysql.go:59
[4.136ms] [rows:0] ALTER TABLE `users` ADD `updated_at` datetime(3) NULL

2024/01/03 13:40:31 F:/Go-Project/Go-Blog/init/mysql.go:59
[3.610ms] [rows:0] ALTER TABLE `users` ADD `deleted_at` datetime(3) NULL

2024/01/03 13:40:31 F:/Go-Project/Go-Blog/init/mysql.go:59
[0.000ms] [rows:-] SELECT DATABASE()

2024/01/03 13:40:31 F:/Go-Project/Go-Blog/init/mysql.go:59
[0.460ms] [rows:1] SELECT SCHEMA_NAME from Information_schema.SCHEMATA where SCHEMA_NAME LIKE 'blog%' ORDER BY SCHEMA_NAME='blog' DESC,SCHEMA_NAME limit 1

2024/01/03 13:40:31 F:/Go-Project/Go-Blog/init/mysql.go:59
[0.681ms] [rows:-] SELECT count(*) FROM information_schema.statistics WHERE table_schema = 'blog' AND table_name = 'users' AND index_name = 'idx_users_deleted_at'

2024/01/03 13:40:31 F:/Go-Project/Go-Blog/init/mysql.go:59
[5.795ms] [rows:0] CREATE INDEX `idx_users_deleted_at` ON `users`(`deleted_at`)

2024/01/03 13:40:31 F:/Go-Project/Go-Blog/init/mysql.go:65
[0.000ms] [rows:-] SELECT DATABASE()

2024/01/03 13:40:31 F:/Go-Project/Go-Blog/init/mysql.go:65
[0.688ms] [rows:1] SELECT SCHEMA_NAME from Information_schema.SCHEMATA where SCHEMA_NAME LIKE 'blog%' ORDER BY SCHEMA_NAME='blog' DESC,SCHEMA_NAME limit 1

2024/01/03 13:40:31 F:/Go-Project/Go-Blog/init/mysql.go:65
[0.493ms] [rows:-] SELECT count(*) FROM information_schema.tables WHERE table_schema = 'blog' AND table_name = 'blogs' AND table_type = 'BASE TABLE'

2024/01/03 13:40:31 F:/Go-Project/Go-Blog/init/mysql.go:65
[0.000ms] [rows:-] SELECT DATABASE()

2024/01/03 13:40:31 F:/Go-Project/Go-Blog/init/mysql.go:65
[0.500ms] [rows:1] SELECT SCHEMA_NAME from Information_schema.SCHEMATA where SCHEMA_NAME LIKE 'blog%' ORDER BY SCHEMA_NAME='blog' DESC,SCHEMA_NAME limit 1

2024/01/03 13:40:31 F:/Go-Project/Go-Blog/init/mysql.go:65
[0.000ms] [rows:-] SELECT * FROM `blogs` LIMIT 1

2024/01/03 13:40:31 F:/Go-Project/Go-Blog/init/mysql.go:65
[0.481ms] [rows:-] SELECT column_name, column_default, is_nullable = 'YES', data_type, character_maximum_length, column_type, column_key, extra, column_comment, numeric_precision, numeric_scale , datetime_precision FROM information_schema.columns WHERE table_schema = 'blog' AND table_name = 'blogs' ORDER BY ORDINAL_POSITION

2024/01/03 13:40:31 F:/Go-Project/Go-Blog/init/mysql.go:65
[4.537ms] [rows:0] ALTER TABLE `blogs` ADD `created_at` datetime(3) NULL

2024/01/03 13:40:31 F:/Go-Project/Go-Blog/init/mysql.go:65
[4.207ms] [rows:0] ALTER TABLE `blogs` ADD `updated_at` datetime(3) NULL

2024/01/03 13:40:31 F:/Go-Project/Go-Blog/init/mysql.go:65
[3.795ms] [rows:0] ALTER TABLE `blogs` ADD `deleted_at` datetime(3) NULL

2024/01/03 13:40:31 F:/Go-Project/Go-Blog/init/mysql.go:65
[0.383ms] [rows:-] SELECT DATABASE()

2024/01/03 13:40:31 F:/Go-Project/Go-Blog/init/mysql.go:65
[0.000ms] [rows:1] SELECT SCHEMA_NAME from Information_schema.SCHEMATA where SCHEMA_NAME LIKE 'blog%' ORDER BY SCHEMA_NAME='blog' DESC,SCHEMA_NAME limit 1

2024/01/03 13:40:31 F:/Go-Project/Go-Blog/init/mysql.go:65
[0.496ms] [rows:-] SELECT count(*) FROM information_schema.statistics WHERE table_schema = 'blog' AND table_name = 'blogs' AND index_name = 'idx_blogs_deleted_at'

2024/01/03 13:40:31 F:/Go-Project/Go-Blog/init/mysql.go:65
[4.961ms] [rows:0] CREATE INDEX `idx_blogs_deleted_at` ON `blogs`(`deleted_at`)
